make all --print-data-base --no-builtin-variables --no-builtin-rules --question
make: *** No rule to make target 'all'.  Stop.

# GNU Make 4.2.1
# Built for x86_64-pc-linux-gnu
# Copyright (C) 1988-2016 Free Software Foundation, Inc.
# License GPLv3+: GNU GPL version 3 or later <http://gnu.org/licenses/gpl.html>
# This is free software: you are free to change and redistribute it.
# There is NO WARRANTY, to the extent permitted by law.

# Make data base, printed on Sun Jul  3 10:59:12 2022

# Variables

# 'override' directive
GNUMAKEFLAGS := 
# automatic
<D = $(patsubst %/,%,$(dir $<))
# automatic
?F = $(notdir $?)
# environment
PAPERSIZE = letter
# environment
DESKTOP_SESSION = ubuntu
# default
.SHELLFLAGS := -c
# environment
XDG_SESSION_CLASS = user
# environment
XDG_SESSION_TYPE = x11
# environment
VSCODE_LOG_NATIVE = false
# environment
NODENV_SHELL = zsh
# environment
IM_CONFIG_PHASE = 1
# automatic
@D = $(patsubst %/,%,$(dir $@))
# environment
XAUTHORITY = /run/user/1000/gdm/Xauthority
# environment
GDMSESSION = ubuntu
# environment
XMODIFIERS = @im=ibus
# makefile
CURDIR := /home/reibomaru/Desktop/knowtfolio
# environment
RBENV_SHELL = zsh
# environment
VSCODE_NLS_CONFIG = {"locale":"en-us","availableLanguages":{},"_languagePackSupport":true}
# environment
_ = /usr/share/code/code
# makefile (from 'Makefile', line 3)
GOA_GEN_DIR = $(GOA_DIR)/gen
# automatic
?D = $(patsubst %/,%,$(dir $?))
# environment
JOURNAL_STREAM = 8:60568
# environment
XDG_CONFIG_DIRS = /etc/xdg/xdg-ubuntu:/etc/xdg
# makefile (from 'Makefile', line 1)
MAKEFILE_LIST :=  Makefile
# automatic
@F = $(notdir $@)
# makefile (from 'Makefile', line 1)
GOA_DIR = server/gateways/api
# environment
GIO_LAUNCHED_DESKTOP_FILE = /usr/share/applications/code.desktop
# environment
USERNAME = reibomaru
# environment
MAKELEVEL := 0
# environment
XDG_DATA_DIRS = /usr/share/ubuntu:/usr/local/share/:/usr/share/:/var/lib/snapd/desktop
# environment
VSCODE_AMD_ENTRYPOINT = vs/workbench/api/node/extensionHostProcess
# environment
DBUS_SESSION_BUS_ADDRESS = unix:path=/run/user/1000/bus
# environment
VSCODE_VERBOSE_LOGGING = true
# environment
INFOPATH = /home/linuxbrew/.linuxbrew/share/info:
# environment
MANAGERPID = 1918
# environment
VSCODE_IPC_HOOK_EXTHOST = /run/user/1000/vscode-ipc-34b914cb-da66-4c9c-97c4-4e7e0a815599.sock
# environment
LC_NAME = en_US.UTF-8
# environment
VSCODE_CWD = /home/reibomaru
# environment
GOPROXY = https://proxy.golang.org,direct
# default
MAKE_HOST := x86_64-pc-linux-gnu
# environment
PATH = /home/reibomaru/google-cloud-sdk/bin:/home/reibomaru/.rbenv/shims:/home/reibomaru/.nodenv/shims:/home/linuxbrew/.linuxbrew/bin:/home/linuxbrew/.linuxbrew/sbin:/home/reibomaru/.cargo/bin:/home/reibomaru/.local/bin:/usr/local/sbin:/usr/local/bin:/usr/sbin:/usr/bin:/sbin:/bin:/usr/games:/usr/local/games:/snap/bin:/usr/local/go/bin:/home/reibomaru/go/bin:/home/reibomaru/.local/bin/
# makefile (from 'Makefile', line 4)
GOA_DOCKER_FILE = ./server/goa.Dockerfile
# environment
GPG_AGENT_INFO = /run/user/1000/gnupg/S.gpg-agent:0:1
# environment
GJS_DEBUG_OUTPUT = stderr
# environment
LSCOLORS = Gxfxcxdxbxegedabagacad
# environment
SESSION_MANAGER = local/reibomaru-ThinkPad-E14-Gen-3:@/tmp/.ICE-unix/2566,unix/reibomaru-ThinkPad-E14-Gen-3:/tmp/.ICE-unix/2566
# environment
XDG_RUNTIME_DIR = /run/user/1000
# environment
GOPATH = /home/reibomaru/go
# environment
XDG_MENU_PREFIX = gnome-
# environment
VSCODE_LOG_STACK = false
# environment
ELECTRON_RUN_AS_NODE = 1
# environment
INVOCATION_ID = 663305a3b8b04b5f848f59cb18828f75
# default
.FEATURES := target-specific order-only second-expansion else-if shortest-stem undefine oneshell archives jobserver output-sync check-symlink load
# environment
LS_COLORS = 
# environment
XDG_SESSION_DESKTOP = ubuntu
# environment
SSH_AUTH_SOCK = /run/user/1000/keyring/ssh
# environment
GIO_LAUNCHED_DESKTOP_FILE_PID = 31129
# automatic
%F = $(notdir $%)
# environment
DISPLAY = :0
# environment
VSCODE_PIPE_LOGGING = true
# environment
PWD = /home/reibomaru/Desktop/knowtfolio
# default
.LOADED := 
# environment
SSH_AGENT_PID = 2500
# environment
ORIGINAL_XDG_CURRENT_DESKTOP = ubuntu:GNOME
# environment
GTK_MODULES = gail:atk-bridge
# environment
MANPATH = /home/linuxbrew/.linuxbrew/share/man::
# environment
GOMODCACHE = /home/reibomaru/go/pkg/mod
# environment
HOME = /home/reibomaru
# environment
HOMEBREW_CELLAR = /home/linuxbrew/.linuxbrew/Cellar
# environment
VSCODE_CODE_CACHE_PATH = /home/reibomaru/.config/Code/CachedData/30d9c6cd9483b2cc586687151bcbcd635f373630
# environment
LOGNAME = reibomaru
# environment
APPLICATION_INSIGHTS_NO_DIAGNOSTIC_CHANNEL = 1
# automatic
+F = $(notdir $+)
# environment
ZSH = /home/reibomaru/.oh-my-zsh
# environment
VSCODE_HANDLES_UNCAUGHT_ERRORS = true
# environment
GNOME_DESKTOP_SESSION_ID = this-is-deprecated
# automatic
^D = $(patsubst %/,%,$(dir $^))
# environment
LC_TIME = en_US.UTF-8
# default
MAKE = $(MAKE_COMMAND)
# default
MAKECMDGOALS := all
# environment
QT_IM_MODULE = ibus
# environment
SHLVL = 0
# environment
GNOME_SHELL_SESSION_MODE = ubuntu
# default
MAKE_VERSION := 4.2.1
# environment
USER = reibomaru
# environment
LC_MONETARY = en_US.UTF-8
# makefile
.DEFAULT_GOAL := server/gateways/api/gen
# environment
XDG_CURRENT_DESKTOP = Unity
# environment
LESS = -R
# automatic
%D = $(patsubst %/,%,$(dir $%))
# environment
LC_TELEPHONE = en_US.UTF-8
# default
MAKE_COMMAND := make
# environment
OLDPWD = /home/reibomaru
# default
.VARIABLES := 
# automatic
*F = $(notdir $*)
# environment
LANGUAGE = en_US:en
# environment
VSCODE_IPC_HOOK = /run/user/1000/vscode-da727fca-1.68.1-main.sock
# makefile
MAKEFLAGS = pqrR
# environment
MFLAGS = -pqrR
# automatic
*D = $(patsubst %/,%,$(dir $*))
# environment
HOMEBREW_PREFIX = /home/linuxbrew/.linuxbrew
# automatic
+D = $(patsubst %/,%,$(dir $+))
# makefile
SHELL = /bin/sh
# environment
GDK_BACKEND = x11
# environment
LC_PAPER = en_US.UTF-8
# environment
HOMEBREW_REPOSITORY = /home/linuxbrew/.linuxbrew/Homebrew
# environment
QT_ACCESSIBILITY = 1
# makefile (from 'Makefile', line 2)
GOA_DESIGN_DIR = $(GOA_DIR)/design
# default
MAKEFILES := 
# environment
LC_NUMERIC = en_US.UTF-8
# automatic
<F = $(notdir $<)
# environment
LC_MEASUREMENT = en_US.UTF-8
# environment
PAGER = less
# environment
LC_ALL = C
# environment
GJS_DEBUG_TOPICS = JS ERROR;JS LOG
# automatic
^F = $(notdir $^)
# default
SUFFIXES := 
# environment
CHROME_DESKTOP = code-url-handler.desktop
# environment
WINDOWPATH = 2
# default
.INCLUDE_DIRS = /usr/include /usr/local/include /usr/include
# environment
LC_IDENTIFICATION = en_US.UTF-8
# default
.RECIPEPREFIX := 
# environment
LC_ADDRESS = en_US.UTF-8
# environment
LANG = C
# environment
VSCODE_PID = 31129
# variable set hash-table stats:
# Load=125/1024=12%, Rehash=0, Collisions=26/157=17%

# Pattern-specific Variable Values

# No pattern-specific variable values.

# Directories

# . (device 66306, inode 4991542): 10 files, no impossibilities.

# 10 files, no impossibilities in 1 directories.

# Implicit Rules

# No implicit rules.

# Files

server/gateways/api/gen: server/gateways/api/design server/goa.Dockerfile server/go.mod
#  Implicit rule search has not been done.
#  Modification time never checked.
#  File has not been updated.
#  recipe to execute (from 'Makefile', line 9):
	docker build -t knowtfolio/goa-gen -f $(GOA_DOCKER_FILE) ./server
 
	docker run -v `pwd`/$(GOA_DIR):/$(GOA_DIR) knowtfolio/goa-gen \
		/go/bin/goa gen github.com/team-azb/knowtfolio/$(GOA_DESIGN_DIR) \
		-o /$(GOA_DIR)

# Not a target:
all:
#  Command line target.
#  Implicit rule search has been done.
#  File does not exist.
#  File has not been updated.

.PHONY: goa server
#  Implicit rule search has not been done.
#  Modification time never checked.
#  File has not been updated.

# Not a target:
server/goa.Dockerfile:
#  Implicit rule search has not been done.
#  Modification time never checked.
#  File has not been updated.

# Not a target:
Makefile:
#  Implicit rule search has been done.
#  Last modified 2022-07-02 19:33:35.076907157
#  File has been updated.
#  Successfully updated.

# Not a target:
server/gateways/api/design:
#  Implicit rule search has not been done.
#  Modification time never checked.
#  File has not been updated.

server: goa
#  Phony target (prerequisite of .PHONY).
#  Implicit rule search has not been done.
#  File does not exist.
#  File has not been updated.
#  recipe to execute (from 'Makefile', line 17):
	docker-compose up --build server

goa: server/gateways/api/gen
#  Phony target (prerequisite of .PHONY).
#  Implicit rule search has not been done.
#  File does not exist.
#  File has not been updated.

# Not a target:
.DEFAULT:
#  Implicit rule search has not been done.
#  Modification time never checked.
#  File has not been updated.

client-server:
#  Implicit rule search has not been done.
#  Modification time never checked.
#  File has not been updated.
#  recipe to execute (from 'Makefile', line 23):
	cd client && npm start

clean:
#  Implicit rule search has not been done.
#  Modification time never checked.
#  File has not been updated.
#  recipe to execute (from 'Makefile', line 20):
	rm -rf $(GOA_GEN_DIR)

# Not a target:
server/go.mod:
#  Implicit rule search has not been done.
#  Modification time never checked.
#  File has not been updated.

# files hash-table stats:
# Load=13/1024=1%, Rehash=0, Collisions=0/32=0%
# VPATH Search Paths

# No 'vpath' search paths.

# No general ('VPATH' variable) search path.

# strcache buffers: 1 (0) / strings = 23 / storage = 254 B / avg = 11 B
# current buf: size = 8162 B / used = 254 B / count = 23 / avg = 11 B

# strcache performance: lookups = 38 / hit rate = 39%
# hash-table stats:
# Load=23/8192=0%, Rehash=0, Collisions=1/38=3%
# Finished Make data base on Sun Jul  3 10:59:12 2022

 
